0 info it worked if it ends with ok
1 verbose cli [ 'D:\\node\\node.exe',
1 verbose cli   'D:\\node\\node_modules\\npm\\bin\\npm-cli.js',
1 verbose cli   'run',
1 verbose cli   'test' ]
2 info using npm@3.8.9
3 info using node@v6.2.0
4 verbose run-script [ 'pretest', 'test', 'posttest' ]
5 info lifecycle webpack-gulp@1.0.0~pretest: webpack-gulp@1.0.0
6 silly lifecycle webpack-gulp@1.0.0~pretest: no script for pretest, continuing
7 info lifecycle webpack-gulp@1.0.0~test: webpack-gulp@1.0.0
8 verbose lifecycle webpack-gulp@1.0.0~test: unsafe-perm in lifecycle true
9 verbose lifecycle webpack-gulp@1.0.0~test: PATH: D:\node\node_modules\npm\bin\node-gyp-bin;E:\zkw\2017\1月\天津三农\tjsnltqy\node_modules\.bin;D:\node;C:\WINDOWS\system32;C:\WINDOWS;C:\WINDOWS\System32\Wbem;C:\WINDOWS\System32\WindowsPowerShell\v1.0\;D:\node\;D:\node\node_global\
10 verbose lifecycle webpack-gulp@1.0.0~test: CWD: E:\zkw\2017\1月\天津三农\tjsnltqy
11 silly lifecycle webpack-gulp@1.0.0~test: Args: [ '/d /s /c',
11 silly lifecycle   'cnpm i type-is -g,cnpm i tiny-lr -g,cnpm i time-stamp -g,cnpm i sparkles -g,cnpm i rimraf -g,cnpm i raw-body -g,cnpm i precss -g,cnpm i posthtml-custom-elements -g,cnpm i posthtml-css-modules -g,cnpm i posthtml -g,cnpm i postcss-modules -g,cnpm i postcss-easysprites -g,cnpm i postcss-display-inline-block -g,cnpm i ms -g,cnpm i lodash -g,cnpm i imagemin-pngquant -g,cnpm i imagemin -g,cnpm i http-errors -g,cnpm i has-gulplog -g,cnpm i gulp.spritesmith -g,cnpm i gulp-watch -g,cnpm i gulp-util -g,cnpm i gulp-uglify -g,cnpm i gulp-sourcemaps -g,cnpm i gulp-sftp -g,cnpm i gulp-sass -g,cnpm i gulp-ruby-sass -g,cnpm i gulp-rimraf -g,cnpm i gulp-replace -g,cnpm i gulp-rename -g,cnpm i gulp-remember -g,cnpm i gulp-posthtml -g,cnpm i gulp-postcss -g,cnpm i gulp-plumber -g,cnpm i gulp-minify-css -g,cnpm i gulp-livereload -g,cnpm i gulp-jshint -g,cnpm i gulp-imagemin -g,cnpm i gulp-htmlmin -g,cnpm i gulp-file-include -g,cnpm i gulp-ejs -g,cnpm i gulp-cssnano -g,cnpm i gulp-css-spriter -g,cnpm i gulp-css-base64 -g,cnpm i gulp-connect -g,cnpm i gulp-concat -g,cnpm i gulp-clean -g,cnpm i gulp-cached -g,cnpm i gulp-cache -g,cnpm i gulp-babel -g,cnpm i gulp-autoprefixer -g,cnpm i gulp -g,cnpm i depd -g,cnpm i css -g,cnpm i content-type -g,cnpm i connect -g,cnpm i concat-map -g,cnpm i bytes -g,cnpm i browser-sync -g,cnpm i babel-preset-es2015 -g,cnpm i babel-helpers -g,cnpm i babel-generator -g,cnpm i babel-core -g,cnpm i autoprefixer -g' ]
12 silly lifecycle webpack-gulp@1.0.0~test: Returned: code: 1  signal: null
13 info lifecycle webpack-gulp@1.0.0~test: Failed to exec test script
14 verbose stack Error: webpack-gulp@1.0.0 test: `cnpm i type-is -g,cnpm i tiny-lr -g,cnpm i time-stamp -g,cnpm i sparkles -g,cnpm i rimraf -g,cnpm i raw-body -g,cnpm i precss -g,cnpm i posthtml-custom-elements -g,cnpm i posthtml-css-modules -g,cnpm i posthtml -g,cnpm i postcss-modules -g,cnpm i postcss-easysprites -g,cnpm i postcss-display-inline-block -g,cnpm i ms -g,cnpm i lodash -g,cnpm i imagemin-pngquant -g,cnpm i imagemin -g,cnpm i http-errors -g,cnpm i has-gulplog -g,cnpm i gulp.spritesmith -g,cnpm i gulp-watch -g,cnpm i gulp-util -g,cnpm i gulp-uglify -g,cnpm i gulp-sourcemaps -g,cnpm i gulp-sftp -g,cnpm i gulp-sass -g,cnpm i gulp-ruby-sass -g,cnpm i gulp-rimraf -g,cnpm i gulp-replace -g,cnpm i gulp-rename -g,cnpm i gulp-remember -g,cnpm i gulp-posthtml -g,cnpm i gulp-postcss -g,cnpm i gulp-plumber -g,cnpm i gulp-minify-css -g,cnpm i gulp-livereload -g,cnpm i gulp-jshint -g,cnpm i gulp-imagemin -g,cnpm i gulp-htmlmin -g,cnpm i gulp-file-include -g,cnpm i gulp-ejs -g,cnpm i gulp-cssnano -g,cnpm i gulp-css-spriter -g,cnpm i gulp-css-base64 -g,cnpm i gulp-connect -g,cnpm i gulp-concat -g,cnpm i gulp-clean -g,cnpm i gulp-cached -g,cnpm i gulp-cache -g,cnpm i gulp-babel -g,cnpm i gulp-autoprefixer -g,cnpm i gulp -g,cnpm i depd -g,cnpm i css -g,cnpm i content-type -g,cnpm i connect -g,cnpm i concat-map -g,cnpm i bytes -g,cnpm i browser-sync -g,cnpm i babel-preset-es2015 -g,cnpm i babel-helpers -g,cnpm i babel-generator -g,cnpm i babel-core -g,cnpm i autoprefixer -g`
14 verbose stack Exit status 1
14 verbose stack     at EventEmitter.<anonymous> (D:\node\node_modules\npm\lib\utils\lifecycle.js:245:16)
14 verbose stack     at emitTwo (events.js:106:13)
14 verbose stack     at EventEmitter.emit (events.js:191:7)
14 verbose stack     at ChildProcess.<anonymous> (D:\node\node_modules\npm\lib\utils\spawn.js:24:14)
14 verbose stack     at emitTwo (events.js:106:13)
14 verbose stack     at ChildProcess.emit (events.js:191:7)
14 verbose stack     at maybeClose (internal/child_process.js:850:16)
14 verbose stack     at Process.ChildProcess._handle.onexit (internal/child_process.js:215:5)
15 verbose pkgid webpack-gulp@1.0.0
16 verbose cwd E:\zkw\2017\1月\天津三农\tjsnltqy
17 error Windows_NT 10.0.14393
18 error argv "D:\\node\\node.exe" "D:\\node\\node_modules\\npm\\bin\\npm-cli.js" "run" "test"
19 error node v6.2.0
20 error npm  v3.8.9
21 error code ELIFECYCLE
22 error webpack-gulp@1.0.0 test: `cnpm i type-is -g,cnpm i tiny-lr -g,cnpm i time-stamp -g,cnpm i sparkles -g,cnpm i rimraf -g,cnpm i raw-body -g,cnpm i precss -g,cnpm i posthtml-custom-elements -g,cnpm i posthtml-css-modules -g,cnpm i posthtml -g,cnpm i postcss-modules -g,cnpm i postcss-easysprites -g,cnpm i postcss-display-inline-block -g,cnpm i ms -g,cnpm i lodash -g,cnpm i imagemin-pngquant -g,cnpm i imagemin -g,cnpm i http-errors -g,cnpm i has-gulplog -g,cnpm i gulp.spritesmith -g,cnpm i gulp-watch -g,cnpm i gulp-util -g,cnpm i gulp-uglify -g,cnpm i gulp-sourcemaps -g,cnpm i gulp-sftp -g,cnpm i gulp-sass -g,cnpm i gulp-ruby-sass -g,cnpm i gulp-rimraf -g,cnpm i gulp-replace -g,cnpm i gulp-rename -g,cnpm i gulp-remember -g,cnpm i gulp-posthtml -g,cnpm i gulp-postcss -g,cnpm i gulp-plumber -g,cnpm i gulp-minify-css -g,cnpm i gulp-livereload -g,cnpm i gulp-jshint -g,cnpm i gulp-imagemin -g,cnpm i gulp-htmlmin -g,cnpm i gulp-file-include -g,cnpm i gulp-ejs -g,cnpm i gulp-cssnano -g,cnpm i gulp-css-spriter -g,cnpm i gulp-css-base64 -g,cnpm i gulp-connect -g,cnpm i gulp-concat -g,cnpm i gulp-clean -g,cnpm i gulp-cached -g,cnpm i gulp-cache -g,cnpm i gulp-babel -g,cnpm i gulp-autoprefixer -g,cnpm i gulp -g,cnpm i depd -g,cnpm i css -g,cnpm i content-type -g,cnpm i connect -g,cnpm i concat-map -g,cnpm i bytes -g,cnpm i browser-sync -g,cnpm i babel-preset-es2015 -g,cnpm i babel-helpers -g,cnpm i babel-generator -g,cnpm i babel-core -g,cnpm i autoprefixer -g`
22 error Exit status 1
23 error Failed at the webpack-gulp@1.0.0 test script 'cnpm i type-is -g,cnpm i tiny-lr -g,cnpm i time-stamp -g,cnpm i sparkles -g,cnpm i rimraf -g,cnpm i raw-body -g,cnpm i precss -g,cnpm i posthtml-custom-elements -g,cnpm i posthtml-css-modules -g,cnpm i posthtml -g,cnpm i postcss-modules -g,cnpm i postcss-easysprites -g,cnpm i postcss-display-inline-block -g,cnpm i ms -g,cnpm i lodash -g,cnpm i imagemin-pngquant -g,cnpm i imagemin -g,cnpm i http-errors -g,cnpm i has-gulplog -g,cnpm i gulp.spritesmith -g,cnpm i gulp-watch -g,cnpm i gulp-util -g,cnpm i gulp-uglify -g,cnpm i gulp-sourcemaps -g,cnpm i gulp-sftp -g,cnpm i gulp-sass -g,cnpm i gulp-ruby-sass -g,cnpm i gulp-rimraf -g,cnpm i gulp-replace -g,cnpm i gulp-rename -g,cnpm i gulp-remember -g,cnpm i gulp-posthtml -g,cnpm i gulp-postcss -g,cnpm i gulp-plumber -g,cnpm i gulp-minify-css -g,cnpm i gulp-livereload -g,cnpm i gulp-jshint -g,cnpm i gulp-imagemin -g,cnpm i gulp-htmlmin -g,cnpm i gulp-file-include -g,cnpm i gulp-ejs -g,cnpm i gulp-cssnano -g,cnpm i gulp-css-spriter -g,cnpm i gulp-css-base64 -g,cnpm i gulp-connect -g,cnpm i gulp-concat -g,cnpm i gulp-clean -g,cnpm i gulp-cached -g,cnpm i gulp-cache -g,cnpm i gulp-babel -g,cnpm i gulp-autoprefixer -g,cnpm i gulp -g,cnpm i depd -g,cnpm i css -g,cnpm i content-type -g,cnpm i connect -g,cnpm i concat-map -g,cnpm i bytes -g,cnpm i browser-sync -g,cnpm i babel-preset-es2015 -g,cnpm i babel-helpers -g,cnpm i babel-generator -g,cnpm i babel-core -g,cnpm i autoprefixer -g'.
23 error Make sure you have the latest version of node.js and npm installed.
23 error If you do, this is most likely a problem with the webpack-gulp package,
23 error not with npm itself.
23 error Tell the author that this fails on your system:
23 error     cnpm i type-is -g,cnpm i tiny-lr -g,cnpm i time-stamp -g,cnpm i sparkles -g,cnpm i rimraf -g,cnpm i raw-body -g,cnpm i precss -g,cnpm i posthtml-custom-elements -g,cnpm i posthtml-css-modules -g,cnpm i posthtml -g,cnpm i postcss-modules -g,cnpm i postcss-easysprites -g,cnpm i postcss-display-inline-block -g,cnpm i ms -g,cnpm i lodash -g,cnpm i imagemin-pngquant -g,cnpm i imagemin -g,cnpm i http-errors -g,cnpm i has-gulplog -g,cnpm i gulp.spritesmith -g,cnpm i gulp-watch -g,cnpm i gulp-util -g,cnpm i gulp-uglify -g,cnpm i gulp-sourcemaps -g,cnpm i gulp-sftp -g,cnpm i gulp-sass -g,cnpm i gulp-ruby-sass -g,cnpm i gulp-rimraf -g,cnpm i gulp-replace -g,cnpm i gulp-rename -g,cnpm i gulp-remember -g,cnpm i gulp-posthtml -g,cnpm i gulp-postcss -g,cnpm i gulp-plumber -g,cnpm i gulp-minify-css -g,cnpm i gulp-livereload -g,cnpm i gulp-jshint -g,cnpm i gulp-imagemin -g,cnpm i gulp-htmlmin -g,cnpm i gulp-file-include -g,cnpm i gulp-ejs -g,cnpm i gulp-cssnano -g,cnpm i gulp-css-spriter -g,cnpm i gulp-css-base64 -g,cnpm i gulp-connect -g,cnpm i gulp-concat -g,cnpm i gulp-clean -g,cnpm i gulp-cached -g,cnpm i gulp-cache -g,cnpm i gulp-babel -g,cnpm i gulp-autoprefixer -g,cnpm i gulp -g,cnpm i depd -g,cnpm i css -g,cnpm i content-type -g,cnpm i connect -g,cnpm i concat-map -g,cnpm i bytes -g,cnpm i browser-sync -g,cnpm i babel-preset-es2015 -g,cnpm i babel-helpers -g,cnpm i babel-generator -g,cnpm i babel-core -g,cnpm i autoprefixer -g
23 error You can get information on how to open an issue for this project with:
23 error     npm bugs webpack-gulp
23 error Or if that isn't available, you can get their info via:
23 error     npm owner ls webpack-gulp
23 error There is likely additional logging output above.
24 verbose exit [ 1, true ]
